[debug] [2020-12-27T15:44:41.803Z] ----------------------------------------------------------------------
[debug] [2020-12-27T15:44:41.808Z] Command:       C:\Program Files\nodejs\node.exe C:\Users\User\AppData\Roaming\npm\node_modules\firebase-tools\lib\bin\firebase.js init
[debug] [2020-12-27T15:44:41.809Z] CLI Version:   8.16.2
[debug] [2020-12-27T15:44:41.809Z] Platform:      win32
[debug] [2020-12-27T15:44:41.809Z] Node Version:  v12.18.3
[debug] [2020-12-27T15:44:41.811Z] Time:          Sun Dec 27 2020 16:44:41 GMT+0100 (Central European Standard Time)
[debug] [2020-12-27T15:44:41.812Z] ----------------------------------------------------------------------
[debug] [2020-12-27T15:44:41.812Z] 
[debug] [2020-12-27T15:44:41.828Z] >>> [apiv2][query] GET https://firebase-public.firebaseio.com/cli.json [none]
[debug] [2020-12-27T15:44:41.898Z] > command requires scopes: ["email","openid","https://www.googleapis.com/auth/cloudplatformprojects.readonly","https://www.googleapis.com/auth/firebase","https://www.googleapis.com/auth/cloud-platform"]
[debug] [2020-12-27T15:44:41.899Z] > authorizing via signed-in user
[info] 
     ######## #### ########  ######## ########     ###     ######  ########
     ##        ##  ##     ## ##       ##     ##  ##   ##  ##       ##
     ######    ##  ########  ######   ########  #########  ######  ######
     ##        ##  ##    ##  ##       ##     ## ##     ##       ## ##
     ##       #### ##     ## ######## ########  ##     ##  ######  ########

You're about to initialize a Firebase project in this directory:

  C:\Users\User\Documents\Code\web\mobilefocus

Before we get started, keep in mind:

  * You are initializing in an existing Firebase project directory

[debug] [2020-12-27T15:44:43.865Z] <<< [apiv2][status] GET https://firebase-public.firebaseio.com/cli.json 200
[debug] [2020-12-27T15:44:43.866Z] <<< [apiv2][body] GET https://firebase-public.firebaseio.com/cli.json {"cloudBuildErrorAfter":1594252800000,"cloudBuildWarnAfter":1590019200000,"defaultNode10After":1594252800000,"minVersion":"3.0.5","node8DeploysDisabledAfter":1613390400000,"node8RuntimeDisabledAfter":1615809600000,"node8WarnAfter":1600128000000}
